local_packages/veepoo_sdk/example/build/app/intermediates/manifest_merge_blame_file/debug/manifest-merger-blame-debug-report.txt
1<?xml version="1.0" encoding="utf-8"?>
2<manifest xmlns:android="http://schemas.android.com/apk/res/android"
3    package="vn.com.tma.ehealth.veepoo_sdk_example"
4    android:versionCode="1"
5    android:versionName="1.0" >
6
7    <uses-sdk
8        android:minSdkVersion="22"
9        android:targetSdkVersion="28" />
10    <!--
11         Flutter needs it to communicate with the running application
12         to allow setting breakpoints, to provide hot reload, etc.
13    -->
14    <uses-permission android:name="android.permission.INTERNET" />
14-->src/main/AndroidManifest.xml:10:5-67
14-->src/main/AndroidManifest.xml:10:22-64
15    <uses-permission android:name="android.permission.BLUETOOTH" />
15-->src/main/AndroidManifest.xml:4:5-68
15-->src/main/AndroidManifest.xml:4:22-65
16    <uses-permission android:name="android.permission.BLUETOOTH_ADMIN" />
16-->src/main/AndroidManifest.xml:5:5-74
16-->src/main/AndroidManifest.xml:5:22-71
17    <uses-permission android:name="android.permission.ACCESS_FINE_LOCATION" />
17-->src/main/AndroidManifest.xml:7:5-79
17-->src/main/AndroidManifest.xml:7:22-76
18    <uses-permission android:name="android.permission.ACCESS_COARSE_LOCATION" />
18-->src/main/AndroidManifest.xml:8:5-81
18-->src/main/AndroidManifest.xml:8:22-78
19    <uses-permission android:name="android.permission.ACCESS_NETWORK_STATE" />
19-->src/main/AndroidManifest.xml:11:5-79
19-->src/main/AndroidManifest.xml:11:22-76
20    <uses-permission android:name="android.permission.WRITE_EXTERNAL_STORAGE" />
20-->src/main/AndroidManifest.xml:12:5-81
20-->src/main/AndroidManifest.xml:12:22-78
21
22    <uses-feature
22-->src/main/AndroidManifest.xml:14:5-16:35
23        android:name="android.hardware.bluetooth_le"
23-->src/main/AndroidManifest.xml:15:9-53
24        android:required="true" />
24-->src/main/AndroidManifest.xml:16:9-32
25
26    <uses-permission android:name="android.permission.READ_EXTERNAL_STORAGE" />
27    <!--
28 io.flutter.app.FlutterApplication is an android.app.Application that
29         calls FlutterMain.startInitialization(this); in its onCreate method.
30         In most cases you can leave this as-is, but you if you want to provide
31         additional functionality it is fine to subclass or reimplement
32         FlutterApplication and put your custom class here.
33    -->
34    <application
35        android:name="android.app.Application"
36        android:appComponentFactory="androidx.core.app.CoreComponentFactory"
36-->[androidx.core:core:1.6.0] AndroidManifest.xml:24:18-86
37        android:debuggable="true"
38        android:icon="@mipmap/ic_launcher"
39        android:label="veepoo_sdk_example" >
40        <activity
41            android:name="vn.com.tma.ehealth.veepoo_sdk_example.MainActivity"
42            android:configChanges="orientation|keyboardHidden|keyboard|screenSize|smallestScreenSize|locale|layoutDirection|fontScale|screenLayout|density|uiMode"
43            android:hardwareAccelerated="true"
44            android:launchMode="singleTop"
45            android:theme="@style/LaunchTheme"
46            android:windowSoftInputMode="adjustResize" >
47            <intent-filter>
48                <action android:name="android.intent.action.MAIN" />
49
50                <category android:name="android.intent.category.LAUNCHER" />
51            </intent-filter>
52        </activity>
53
54        <!--
55             Don't delete the meta-data below.
56             This is used by the Flutter tool to generate GeneratedPluginRegistrant.java
57        -->
58        <meta-data
59            android:name="flutterEmbedding"
60            android:value="2" />
61
62        <service
62-->[:veepoo_sdk] AndroidManifest.xml:20:9-22:40
63            android:name="vn.com.tma.ehealth.veepoo_sdk.service.BleService"
63-->[:veepoo_sdk] AndroidManifest.xml:21:13-76
64            android:exported="false" />
64-->[:veepoo_sdk] AndroidManifest.xml:22:13-37
65        <service android:name="com.inuker.bluetooth.library.BluetoothService" />
65-->[:veepoo_sdk] AndroidManifest.xml:23:9-81
65-->[:veepoo_sdk] AndroidManifest.xml:23:18-78
66
67        <uses-library
67-->[androidx.window:window:1.0.0-beta04] AndroidManifest.xml:25:9-27:40
68            android:name="androidx.window.extensions"
68-->[androidx.window:window:1.0.0-beta04] AndroidManifest.xml:26:13-54
69            android:required="false" />
69-->[androidx.window:window:1.0.0-beta04] AndroidManifest.xml:27:13-37
70        <uses-library
70-->[androidx.window:window:1.0.0-beta04] AndroidManifest.xml:28:9-30:40
71            android:name="androidx.window.sidecar"
71-->[androidx.window:window:1.0.0-beta04] AndroidManifest.xml:29:13-51
72            android:required="false" />
72-->[androidx.window:window:1.0.0-beta04] AndroidManifest.xml:30:13-37
73    </application>
74
75</manifest>